Vivado Simulator 2019.1
Copyright 1986-1999, 2001-2019 Xilinx, Inc. All Rights Reserved.
Running: C:/Xilinx/Vivado/2019.1/bin/unwrapped/win64.o/xelab.exe -wto eef219bd60414729a2966b7ad08008fa --incr --debug typical --relax --mt 2 -L xil_defaultlib -L lib_cdc_v1_0_2 -L proc_sys_reset_v5_0_13 -L axi_lite_ipif_v3_0_4 -L interrupt_control_v3_1_4 -L axi_gpio_v2_0_21 -L xilinx_vip -L unisims_ver -L unimacro_ver -L secureip -L xpm --snapshot design_1_wrapper_behav xil_defaultlib.design_1_wrapper xil_defaultlib.glbl -log elaborate.log 
Using 2 slave threads.
Starting static elaboration
Completed static elaboration
Starting simulation data flow analysis
Completed simulation data flow analysis
Time Resolution for simulation is 1ps
Compiling package std.standard
Compiling package std.textio
Compiling package ieee.std_logic_1164
Compiling package ieee.numeric_std
Compiling package unisim.vcomponents
Compiling package ieee.std_logic_arith
Compiling package ieee.std_logic_unsigned
Compiling package synopsys.attributes
Compiling package ieee.std_logic_misc
Compiling package axi_lite_ipif_v3_0_4.ipif_pkg
Compiling package ieee.vital_timing
Compiling package ieee.vital_primitives
Compiling package unisim.vpkg
Compiling module xil_defaultlib.glbl
Compiling architecture iobuf_v of entity unisim.IOBUF [\IOBUF(1,7)(1,4)\]
Compiling architecture imp of entity axi_lite_ipif_v3_0_4.pselect_f [\pselect_f(c_ab=2,c_aw=2,c_bar="...]
Compiling architecture imp of entity axi_lite_ipif_v3_0_4.pselect_f [\pselect_f(c_ab=2,c_aw=2,c_bar="...]
Compiling architecture imp of entity axi_lite_ipif_v3_0_4.pselect_f [\pselect_f(c_ab=2,c_aw=2,c_bar="...]
Compiling architecture imp of entity axi_lite_ipif_v3_0_4.pselect_f [\pselect_f(c_ab=2,c_aw=2,c_bar="...]
Compiling architecture imp of entity axi_lite_ipif_v3_0_4.address_decoder [\address_decoder(c_bus_awidth=9,...]
Compiling architecture imp of entity axi_lite_ipif_v3_0_4.slave_attachment [\slave_attachment(c_ard_addr_ran...]
Compiling architecture imp of entity axi_lite_ipif_v3_0_4.axi_lite_ipif [\axi_lite_ipif(c_s_axi_addr_widt...]
Compiling architecture fdre_v of entity unisim.FDRE [fdre_default]
Compiling architecture fdr_v of entity unisim.FDR [fdr_default]
Compiling architecture implementation of entity lib_cdc_v1_0_2.cdc_sync [\cdc_sync(c_single_bit=0,c_vecto...]
Compiling architecture imp of entity axi_gpio_v2_0_21.GPIO_Core [\GPIO_Core(c_aw=9,c_gpio_width=8...]
Compiling architecture imp of entity axi_gpio_v2_0_21.axi_gpio [\axi_gpio(c_family="zynq",c_gpio...]
Compiling architecture design_1_axi_gpio_0_2_arch of entity xil_defaultlib.design_1_axi_gpio_0_2 [design_1_axi_gpio_0_2_default]
Compiling architecture implementation of entity lib_cdc_v1_0_2.cdc_sync [\cdc_sync(c_single_bit=0,c_vecto...]
Compiling architecture imp of entity axi_gpio_v2_0_21.GPIO_Core [\GPIO_Core(c_aw=9,c_gpio_width=1...]
Compiling architecture imp of entity axi_gpio_v2_0_21.axi_gpio [\axi_gpio(c_family="zynq",c_gpio...]
Compiling architecture design_1_axi_gpio_1_0_arch of entity xil_defaultlib.design_1_axi_gpio_1_0 [design_1_axi_gpio_1_0_default]
Compiling architecture bibuf_v of entity unisim.BIBUF [bibuf_default]
Compiling architecture lut1_v of entity unisim.LUT1 [\LUT1(init="0001")(0,3)\]
Compiling architecture gnd_v of entity unisim.GND [gnd_default]
Compiling architecture ps7_v of entity unisim.PS7 [\PS7:design_1_wrapper:design_1_i...]
Compiling architecture bufg_v of entity unisim.BUFG [bufg_default]
Compiling architecture lut1_v of entity unisim.LUT1 [\LUT1(init="0010")(0,3)\]
Compiling architecture structure of entity xil_defaultlib.design_1_processing_system7_0_0_processing_system7_v5_5_processing_system7 [\design_1_processing_system7_0_0...]
Compiling architecture structure of entity xil_defaultlib.design_1_processing_system7_0_0 [\design_1_processing_system7_0_0...]
Compiling architecture structure of entity xil_defaultlib.m00_couplers_imp_15SPJYW [m00_couplers_imp_15spjyw_default]
Compiling architecture structure of entity xil_defaultlib.m01_couplers_imp_XU9C55 [m01_couplers_imp_xu9c55_default]
Compiling architecture vcc_v of entity unisim.VCC [vcc_default]
Compiling architecture lut5_v of entity unisim.LUT5 [\LUT5(init="01110111111101110101...]
Compiling architecture lut6_v of entity unisim.LUT6 [\LUT6(init="11011101111111111101...]
Compiling architecture fdse_v of entity unisim.FDSE [fdse_default]
Compiling architecture lut4_v of entity unisim.LUT4 [\LUT4(init="1110101010101010")(0...]
Compiling architecture lut6_v of entity unisim.LUT6 [\LUT6(init="11111111111111111000...]
Compiling architecture lut4_v of entity unisim.LUT4 [\LUT4(init="0000000010000000")(0...]
Compiling architecture lut4_v of entity unisim.LUT4 [\LUT4(init="1000000000000000")(0...]
Compiling architecture lut4_v of entity unisim.LUT4 [\LUT4(init="1010000011000000")(0...]
Compiling architecture lut5_v of entity unisim.LUT5 [\LUT5(init="00000000000000001100...]
Compiling architecture lut2_v of entity unisim.LUT2 [\LUT2(init="1000")(0,3)\]
Compiling architecture lut3_v of entity unisim.LUT3 [\LUT3(init="00011111")(0,7)\]
Compiling architecture lut5_v of entity unisim.LUT5 [\LUT5(init="11111111111111111110...]
Compiling architecture lut3_v of entity unisim.LUT3 [\LUT3(init="10000000")(0,7)\]
Compiling architecture lut5_v of entity unisim.LUT5 [\LUT5(init="00011111111111110001...]
Compiling architecture lut6_v of entity unisim.LUT6 [\LUT6(init="11111111111111111111...]
Compiling architecture lut3_v of entity unisim.LUT3 [\LUT3(init="01000000")(0,7)\]
Compiling architecture structure of entity xil_defaultlib.design_1_auto_pc_0_axi_protocol_converter_v2_1_19_b2s_rd_cmd_fsm [design_1_auto_pc_0_axi_protocol_...]
Compiling architecture lut3_v of entity unisim.LUT3 [\LUT3(init="10111000")(0,7)\]
Compiling architecture lut6_v of entity unisim.LUT6 [\LUT6(init="00000110000010100000...]
Compiling architecture lut6_v of entity unisim.LUT6 [\LUT6(init="00000001000000100000...]
Compiling architecture lut3_v of entity unisim.LUT3 [\LUT3(init="01101010")(0,7)\]
Compiling architecture lut3_v of entity unisim.LUT3 [\LUT3(init="10011010")(0,7)\]
Compiling architecture lut3_v of entity unisim.LUT3 [\LUT3(init="10101001")(0,7)\]
Compiling architecture lut6_v of entity unisim.LUT6 [\LUT6(init="01101010101010101010...]
Compiling architecture lut6_v of entity unisim.LUT6 [\LUT6(init="00100110001010100010...]
Compiling architecture carry4_v of entity unisim.CARRY4 [carry4_default]
Compiling architecture lut5_v of entity unisim.LUT5 [\LUT5(init="01001111010001000100...]
Compiling architecture lut5_v of entity unisim.LUT5 [\LUT5(init="11111111100100001001...]
Compiling architecture lut6_v of entity unisim.LUT6 [\LUT6(init="11111111111111111110...]
Compiling architecture lut6_v of entity unisim.LUT6 [\LUT6(init="11111111111111111111...]
Compiling architecture lut5_v of entity unisim.LUT5 [\LUT5(init="11111111111111100000...]
Compiling architecture lut6_v of entity unisim.LUT6 [\LUT6(init="11111111111111111111...]
Compiling architecture lut2_v of entity unisim.LUT2 [\LUT2(init="1001")(0,3)\]
Compiling architecture lut3_v of entity unisim.LUT3 [\LUT3(init="11100001")(0,7)\]
Compiling architecture lut4_v of entity unisim.LUT4 [\LUT4(init="1111111000000001")(0...]
Compiling architecture lut6_v of entity unisim.LUT6 [\LUT6(init="11111111111111111111...]
Compiling architecture lut6_v of entity unisim.LUT6 [\LUT6(init="11111111111111111111...]
Compiling architecture lut4_v of entity unisim.LUT4 [\LUT4(init="1111101100001011")(0...]
Compiling architecture lut6_v of entity unisim.LUT6 [\LUT6(init="11111111111100001111...]
Compiling architecture lut6_v of entity unisim.LUT6 [\LUT6(init="11111111111111111111...]
Compiling architecture lut6_v of entity unisim.LUT6 [\LUT6(init="00000000000000000000...]
Compiling architecture lut6_v of entity unisim.LUT6 [\LUT6(init="11111111111111111111...]
Compiling architecture lut2_v of entity unisim.LUT2 [\LUT2(init="1011")(0,3)\]
Compiling architecture lut4_v of entity unisim.LUT4 [\LUT4(init="1111111111111110")(0...]
Compiling architecture lut4_v of entity unisim.LUT4 [\LUT4(init="1011101010001010")(0...]
Compiling architecture structure of entity xil_defaultlib.design_1_auto_pc_0_axi_protocol_converter_v2_1_19_b2s_incr_cmd_2 [design_1_auto_pc_0_axi_protocol_...]
Compiling architecture lut3_v of entity unisim.LUT3 [\LUT3(init="00011101")(0,7)\]
Compiling architecture lut6_v of entity unisim.LUT6 [\LUT6(init="01000001000000000000...]
Compiling architecture lut4_v of entity unisim.LUT4 [\LUT4(init="1001000000001001")(0...]
Compiling architecture lut5_v of entity unisim.LUT5 [\LUT5(init="01000000111111110100...]
Compiling architecture lut5_v of entity unisim.LUT5 [\LUT5(init="11111111010000000100...]
Compiling architecture lut5_v of entity unisim.LUT5 [\LUT5(init="00000000000000001111...]
Compiling architecture lut6_v of entity unisim.LUT6 [\LUT6(init="01000100010001000100...]
Compiling architecture lut6_v of entity unisim.LUT6 [\LUT6(init="11111111101010101010...]
Compiling architecture lut5_v of entity unisim.LUT5 [\LUT5(init="11111111111111111111...]
Compiling architecture lut4_v of entity unisim.LUT4 [\LUT4(init="1010101110101000")(0...]
Compiling architecture structure of entity xil_defaultlib.design_1_auto_pc_0_axi_protocol_converter_v2_1_19_b2s_wrap_cmd_3 [design_1_auto_pc_0_axi_protocol_...]
Compiling architecture structure of entity xil_defaultlib.design_1_auto_pc_0_axi_protocol_converter_v2_1_19_b2s_cmd_translator_1 [design_1_auto_pc_0_axi_protocol_...]
Compiling architecture structure of entity xil_defaultlib.design_1_auto_pc_0_axi_protocol_converter_v2_1_19_b2s_ar_channel [design_1_auto_pc_0_axi_protocol_...]
Compiling architecture lut5_v of entity unisim.LUT5 [\LUT5(init="00001000100010001000...]
Compiling architecture lut4_v of entity unisim.LUT4 [\LUT4(init="1001101001100101")(0...]
Compiling architecture lut5_v of entity unisim.LUT5 [\LUT5(init="10111111111101000100...]
Compiling architecture lut6_v of entity unisim.LUT6 [\LUT6(init="10111111111111110100...]
Compiling architecture lut4_v of entity unisim.LUT4 [\LUT4(init="0111111010000001")(0...]
Compiling architecture lut5_v of entity unisim.LUT5 [\LUT5(init="01010100010101001101...]
Compiling architecture lut5_v of entity unisim.LUT5 [\LUT5(init="10000101111111111111...]
Compiling architecture lut5_v of entity unisim.LUT5 [\LUT5(init="01111111111111111111...]
Compiling architecture srlc32e_v of entity unisim.SRLC32E [\SRLC32E(0,31)\]
Compiling architecture lut6_v of entity unisim.LUT6 [\LUT6(init="10000000001000101010...]
Compiling architecture structure of entity xil_defaultlib.\design_1_auto_pc_0_axi_protocol_converter_v2_1_19_b2s_simple_fifo__parameterized1\ [\design_1_auto_pc_0_axi_protocol...]
Compiling architecture lut6_v of entity unisim.LUT6 [\LUT6(init="11111111111111111111...]
Compiling architecture lut5_v of entity unisim.LUT5 [\LUT5(init="10111111010000001111...]
Compiling architecture lut2_v of entity unisim.LUT2 [\LUT2(init="0110")(0,3)\]
Compiling architecture lut4_v of entity unisim.LUT4 [\LUT4(init="0111100011100001")(0...]
Compiling architecture lut6_v of entity unisim.LUT6 [\LUT6(init="10001010101010101010...]
Compiling architecture lut2_v of entity unisim.LUT2 [\LUT2(init="0111")(0,3)\]
Compiling architecture lut6_v of entity unisim.LUT6 [\LUT6(init="00101010101010101010...]
Compiling architecture structure of entity xil_defaultlib.\design_1_auto_pc_0_axi_protocol_converter_v2_1_19_b2s_simple_fifo__parameterized2\ [\design_1_auto_pc_0_axi_protocol...]
Compiling architecture structure of entity xil_defaultlib.design_1_auto_pc_0_axi_protocol_converter_v2_1_19_b2s_r_channel [design_1_auto_pc_0_axi_protocol_...]
Compiling architecture fdre_v of entity unisim.FDRE [\FDRE(init='1')\]
Compiling architecture lut3_v of entity unisim.LUT3 [\LUT3(init="01110000")(0,7)\]
Compiling architecture lut2_v of entity unisim.LUT2 [\LUT2(init="0100")(0,3)\]
Compiling architecture lut3_v of entity unisim.LUT3 [\LUT3(init="00000010")(0,7)\]
Compiling architecture lut6_v of entity unisim.LUT6 [\LUT6(init="11111000111111111111...]
Compiling architecture lut6_v of entity unisim.LUT6 [\LUT6(init="11111100000011001111...]
Compiling architecture lut6_v of entity unisim.LUT6 [\LUT6(init="11110000101010100000...]
Compiling architecture lut6_v of entity unisim.LUT6 [\LUT6(init="11111111110011001111...]
Compiling architecture lut2_v of entity unisim.LUT2 [\LUT2(init="0010")(0,3)\]
Compiling architecture lut5_v of entity unisim.LUT5 [\LUT5(init="11111111111111100000...]
Compiling architecture lut4_v of entity unisim.LUT4 [\LUT4(init="1010101010001010")(0...]
Compiling architecture lut5_v of entity unisim.LUT5 [\LUT5(init="11111111010001110000...]
Compiling architecture lut6_v of entity unisim.LUT6 [\LUT6(init="10100000101000000000...]
Compiling architecture lut6_v of entity unisim.LUT6 [\LUT6(init="01000111010001110000...]
Compiling architecture lut6_v of entity unisim.LUT6 [\LUT6(init="00000000001010100000...]
Compiling architecture lut5_v of entity unisim.LUT5 [\LUT5(init="01000111111111110000...]
Compiling architecture lut4_v of entity unisim.LUT4 [\LUT4(init="0010101010101010")(0...]
Compiling architecture lut6_v of entity unisim.LUT6 [\LUT6(init="10100000101011111010...]
Compiling architecture lut3_v of entity unisim.LUT3 [\LUT3(init="01111000")(0,7)\]
Compiling architecture lut4_v of entity unisim.LUT4 [\LUT4(init="0111111110000000")(0...]
Compiling architecture lut6_v of entity unisim.LUT6 [\LUT6(init="01010101010101011111...]
Compiling architecture lut6_v of entity unisim.LUT6 [\LUT6(init="00110011001100110011...]
Compiling architecture lut6_v of entity unisim.LUT6 [\LUT6(init="11111111000000000000...]
Compiling architecture lut6_v of entity unisim.LUT6 [\LUT6(init="11110000111100001111...]
Compiling architecture lut6_v of entity unisim.LUT6 [\LUT6(init="11111111111111001010...]
Compiling architecture structure of entity xil_defaultlib.design_1_auto_pc_0_axi_register_slice_v2_1_19_axic_register_slice [design_1_auto_pc_0_axi_register_...]
Compiling architecture lut6_v of entity unisim.LUT6 [\LUT6(init="11111111111110001111...]
Compiling architecture lut4_v of entity unisim.LUT4 [\LUT4(init="0000000000001000")(0...]
Compiling architecture lut4_v of entity unisim.LUT4 [\LUT4(init="1111111101001111")(0...]
Compiling architecture lut4_v of entity unisim.LUT4 [\LUT4(init="1011111110111011")(0...]
Compiling architecture structure of entity xil_defaultlib.design_1_auto_pc_0_axi_register_slice_v2_1_19_axic_register_slice_0 [design_1_auto_pc_0_axi_register_...]
Compiling architecture structure of entity xil_defaultlib.\design_1_auto_pc_0_axi_register_slice_v2_1_19_axic_register_slice__parameterized1\ [\design_1_auto_pc_0_axi_register...]
Compiling architecture structure of entity xil_defaultlib.\design_1_auto_pc_0_axi_register_slice_v2_1_19_axic_register_slice__parameterized2\ [\design_1_auto_pc_0_axi_register...]
Compiling architecture structure of entity xil_defaultlib.design_1_auto_pc_0_axi_register_slice_v2_1_19_axi_register_slice [design_1_auto_pc_0_axi_register_...]
Compiling architecture lut6_v of entity unisim.LUT6 [\LUT6(init="00010000000000001111...]
Compiling architecture lut4_v of entity unisim.LUT4 [\LUT4(init="1010101010101110")(0...]
Compiling architecture lut6_v of entity unisim.LUT6 [\LUT6(init="11111111111111110001...]
Compiling architecture lut5_v of entity unisim.LUT5 [\LUT5(init="00000000000000001010...]
Compiling architecture lut5_v of entity unisim.LUT5 [\LUT5(init="00001000000010000000...]
Compiling architecture lut5_v of entity unisim.LUT5 [\LUT5(init="00001111111111110000...]
Compiling architecture lut6_v of entity unisim.LUT6 [\LUT6(init="11111111111111111111...]
Compiling architecture lut6_v of entity unisim.LUT6 [\LUT6(init="11110000111100001111...]
Compiling architecture lut6_v of entity unisim.LUT6 [\LUT6(init="00001000000010000000...]
Compiling architecture lut3_v of entity unisim.LUT3 [\LUT3(init="00010000")(0,7)\]
Compiling architecture structure of entity xil_defaultlib.design_1_auto_pc_0_axi_protocol_converter_v2_1_19_b2s_wr_cmd_fsm [design_1_auto_pc_0_axi_protocol_...]
Compiling architecture lut2_v of entity unisim.LUT2 [\LUT2(init="1110")(0,3)\]
Compiling architecture lut4_v of entity unisim.LUT4 [\LUT4(init="0000011000001010")(0...]
Compiling architecture lut4_v of entity unisim.LUT4 [\LUT4(init="0000000100000010")(0...]
Compiling architecture lut4_v of entity unisim.LUT4 [\LUT4(init="0110101010101010")(0...]
Compiling architecture lut4_v of entity unisim.LUT4 [\LUT4(init="0010011000101010")(0...]
Compiling architecture lut6_v of entity unisim.LUT6 [\LUT6(init="01000100010011110100...]
Compiling architecture lut6_v of entity unisim.LUT6 [\LUT6(init="11111111111100001111...]
Compiling architecture structure of entity xil_defaultlib.design_1_auto_pc_0_axi_protocol_converter_v2_1_19_b2s_incr_cmd [design_1_auto_pc_0_axi_protocol_...]
Compiling architecture lut5_v of entity unisim.LUT5 [\LUT5(init="11111011011100111100...]
Compiling architecture lut5_v of entity unisim.LUT5 [\LUT5(init="11111111101011101010...]
Compiling architecture lut5_v of entity unisim.LUT5 [\LUT5(init="01010101010101010101...]
Compiling architecture structure of entity xil_defaultlib.design_1_auto_pc_0_axi_protocol_converter_v2_1_19_b2s_wrap_cmd [design_1_auto_pc_0_axi_protocol_...]
Compiling architecture structure of entity xil_defaultlib.design_1_auto_pc_0_axi_protocol_converter_v2_1_19_b2s_cmd_translator [design_1_auto_pc_0_axi_protocol_...]
Compiling architecture structure of entity xil_defaultlib.design_1_auto_pc_0_axi_protocol_converter_v2_1_19_b2s_aw_channel [design_1_auto_pc_0_axi_protocol_...]
Compiling architecture lut6_v of entity unisim.LUT6 [\LUT6(init="00000000000000000000...]
Compiling architecture lut3_v of entity unisim.LUT3 [\LUT3(init="10010110")(0,7)\]
Compiling architecture lut4_v of entity unisim.LUT4 [\LUT4(init="1110011100011000")(0...]
Compiling architecture srl16e_v of entity unisim.SRL16E [\SRL16E(0,15)\]
Compiling architecture lut6_v of entity unisim.LUT6 [\LUT6(init="00000000000000000000...]
Compiling architecture lut5_v of entity unisim.LUT5 [\LUT5(init="00000000000000100000...]
Compiling architecture lut6_v of entity unisim.LUT6 [\LUT6(init="11111111111111111111...]
Compiling architecture structure of entity xil_defaultlib.design_1_auto_pc_0_axi_protocol_converter_v2_1_19_b2s_simple_fifo [design_1_auto_pc_0_axi_protocol_...]
Compiling architecture lut5_v of entity unisim.LUT5 [\LUT5(init="01111111111111111000...]
Compiling architecture lut6_v of entity unisim.LUT6 [\LUT6(init="01111111111111111111...]
Compiling architecture lut6_v of entity unisim.LUT6 [\LUT6(init="10000000000000000000...]
Compiling architecture lut3_v of entity unisim.LUT3 [\LUT3(init="00001000")(0,7)\]
Compiling architecture lut4_v of entity unisim.LUT4 [\LUT4(init="0100000000000000")(0...]
Compiling architecture structure of entity xil_defaultlib.\design_1_auto_pc_0_axi_protocol_converter_v2_1_19_b2s_simple_fifo__parameterized0\ [\design_1_auto_pc_0_axi_protocol...]
Compiling architecture lut6_v of entity unisim.LUT6 [\LUT6(init="00000000000000000000...]
Compiling architecture lut4_v of entity unisim.LUT4 [\LUT4(init="0000000011101010")(0...]
Compiling architecture structure of entity xil_defaultlib.design_1_auto_pc_0_axi_protocol_converter_v2_1_19_b2s_b_channel [design_1_auto_pc_0_axi_protocol_...]
Compiling architecture structure of entity xil_defaultlib.design_1_auto_pc_0_axi_protocol_converter_v2_1_19_b2s [design_1_auto_pc_0_axi_protocol_...]
Compiling architecture structure of entity xil_defaultlib.design_1_auto_pc_0_axi_protocol_converter_v2_1_19_axi_protocol_converter [design_1_auto_pc_0_axi_protocol_...]
Compiling architecture structure of entity xil_defaultlib.design_1_auto_pc_0 [design_1_auto_pc_0_default]
Compiling architecture structure of entity xil_defaultlib.s00_couplers_imp_UYSKKA [s00_couplers_imp_uyskka_default]
Compiling architecture lut6_v of entity unisim.LUT6 [\LUT6(init="11111111111111111111...]
Compiling architecture lut4_v of entity unisim.LUT4 [\LUT4(init="1111101111111111")(0...]
Compiling architecture lut4_v of entity unisim.LUT4 [\LUT4(init="0000000001000000")(0...]
Compiling architecture lut6_v of entity unisim.LUT6 [\LUT6(init="11111101111111011111...]
Compiling architecture lut4_v of entity unisim.LUT4 [\LUT4(init="1111101100001000")(0...]
Compiling architecture lut6_v of entity unisim.LUT6 [\LUT6(init="00000000000000001010...]
Compiling architecture lut5_v of entity unisim.LUT5 [\LUT5(init="11110000111111100000...]
Compiling architecture lut5_v of entity unisim.LUT5 [\LUT5(init="11111111111111110000...]
Compiling architecture lut5_v of entity unisim.LUT5 [\LUT5(init="01010100000000000000...]
Compiling architecture lut6_v of entity unisim.LUT6 [\LUT6(init="00000000111111111010...]
Compiling architecture lut6_v of entity unisim.LUT6 [\LUT6(init="00000000000000100000...]
Compiling architecture lut4_v of entity unisim.LUT4 [\LUT4(init="0000000100000000")(0...]
Compiling architecture lut4_v of entity unisim.LUT4 [\LUT4(init="0000000000000100")(0...]
Compiling architecture lut4_v of entity unisim.LUT4 [\LUT4(init="0000000000100000")(0...]
Compiling architecture lut5_v of entity unisim.LUT5 [\LUT5(init="00000000000000000010...]
Compiling architecture lut5_v of entity unisim.LUT5 [\LUT5(init="00000000000000000000...]
Compiling architecture lut5_v of entity unisim.LUT5 [\LUT5(init="01000000000000001111...]
Compiling architecture lut6_v of entity unisim.LUT6 [\LUT6(init="00000000000000000000...]
Compiling architecture lut6_v of entity unisim.LUT6 [\LUT6(init="11111111100000000000...]
Compiling architecture lut6_v of entity unisim.LUT6 [\LUT6(init="00010101010101010101...]
Compiling architecture lut5_v of entity unisim.LUT5 [\LUT5(init="00000000111111110000...]
Compiling architecture lut6_v of entity unisim.LUT6 [\LUT6(init="11011101110111011101...]
Compiling architecture lut5_v of entity unisim.LUT5 [\LUT5(init="10101010101010100010...]
Compiling architecture lut6_v of entity unisim.LUT6 [\LUT6(init="00000000000000000000...]
Compiling architecture lut5_v of entity unisim.LUT5 [\LUT5(init="00000000000000000000...]
Compiling architecture lut6_v of entity unisim.LUT6 [\LUT6(init="11101010111011101110...]
Compiling architecture lut3_v of entity unisim.LUT3 [\LUT3(init="11111011")(0,7)\]
Compiling architecture structure of entity xil_defaultlib.design_1_xbar_0_axi_crossbar_v2_1_20_addr_arbiter_sasd [design_1_xbar_0_axi_crossbar_v2_...]
Compiling architecture lut6_v of entity unisim.LUT6 [\LUT6(init="10101010101010001010...]
Compiling architecture lut5_v of entity unisim.LUT5 [\LUT5(init="01110111011101110000...]
Compiling architecture lut6_v of entity unisim.LUT6 [\LUT6(init="01010101000000111111...]
Compiling architecture lut5_v of entity unisim.LUT5 [\LUT5(init="11111111000011110101...]
Compiling architecture lut5_v of entity unisim.LUT5 [\LUT5(init="00001010110011110000...]
Compiling architecture lut5_v of entity unisim.LUT5 [\LUT5(init="00001111110010100000...]
Compiling architecture lut5_v of entity unisim.LUT5 [\LUT5(init="11110101001100001111...]
Compiling architecture structure of entity xil_defaultlib.design_1_xbar_0_axi_crossbar_v2_1_20_decerr_slave [design_1_xbar_0_axi_crossbar_v2_...]
Compiling architecture lut6_v of entity unisim.LUT6 [\LUT6(init="00000000101010100000...]
Compiling architecture lut6_v of entity unisim.LUT6 [\LUT6(init="00001010111110101100...]
Compiling architecture lut6_v of entity unisim.LUT6 [\LUT6(init="11111111111111110101...]
Compiling architecture lut4_v of entity unisim.LUT4 [\LUT4(init="0010111011101110")(0...]
Compiling architecture structure of entity xil_defaultlib.design_1_xbar_0_axi_register_slice_v2_1_19_axic_register_slice [design_1_xbar_0_axi_register_sli...]
Compiling architecture lut4_v of entity unisim.LUT4 [\LUT4(init="0011111000001110")(0...]
Compiling architecture structure of entity xil_defaultlib.\design_1_xbar_0_axi_crossbar_v2_1_20_splitter__parameterized0\ [\design_1_xbar_0_axi_crossbar_v2...]
Compiling architecture lut6_v of entity unisim.LUT6 [\LUT6(init="11111111111111111111...]
Compiling architecture lut6_v of entity unisim.LUT6 [\LUT6(init="11111111111111111111...]
Compiling architecture lut6_v of entity unisim.LUT6 [\LUT6(init="00100011001000110010...]
Compiling architecture lut6_v of entity unisim.LUT6 [\LUT6(init="11100000111000001110...]
Compiling architecture lut6_v of entity unisim.LUT6 [\LUT6(init="01000101010001010100...]
Compiling architecture lut4_v of entity unisim.LUT4 [\LUT4(init="1011101010111011")(0...]
Compiling architecture lut6_v of entity unisim.LUT6 [\LUT6(init="01010000000000010101...]
Compiling architecture structure of entity xil_defaultlib.design_1_xbar_0_axi_crossbar_v2_1_20_splitter [design_1_xbar_0_axi_crossbar_v2_...]
Compiling architecture structure of entity xil_defaultlib.design_1_xbar_0_axi_crossbar_v2_1_20_crossbar_sasd [design_1_xbar_0_axi_crossbar_v2_...]
Compiling architecture structure of entity xil_defaultlib.design_1_xbar_0_axi_crossbar_v2_1_20_axi_crossbar [design_1_xbar_0_axi_crossbar_v2_...]
Compiling architecture structure of entity xil_defaultlib.design_1_xbar_0 [design_1_xbar_0_default]
Compiling architecture structure of entity xil_defaultlib.design_1_ps7_0_axi_periph_0 [design_1_ps7_0_axi_periph_0_defa...]
Compiling architecture implementation of entity lib_cdc_v1_0_2.cdc_sync [\cdc_sync(c_vector_width=2,c_mtb...]
Compiling architecture srl16e_v of entity unisim.SRL16E [\SRL16E(init="1111111111111111")...]
Compiling architecture srl16_v of entity unisim.SRL16 [\SRL16(init="1111111111111111")(...]
Compiling architecture imp of entity proc_sys_reset_v5_0_13.lpf [\lpf(c_ext_rst_width=4,c_aux_rst...]
Compiling architecture imp of entity proc_sys_reset_v5_0_13.upcnt_n [\upcnt_n(c_size=6)\]
Compiling architecture imp of entity proc_sys_reset_v5_0_13.sequence_psr [sequence_psr_default]
Compiling architecture imp of entity proc_sys_reset_v5_0_13.proc_sys_reset [\proc_sys_reset(c_family="zynq",...]
Compiling architecture design_1_rst_ps7_0_100m_0_arch of entity xil_defaultlib.design_1_rst_ps7_0_100M_0 [design_1_rst_ps7_0_100m_0_defaul...]
Compiling architecture structure of entity xil_defaultlib.design_1 [\design_1:design_1_wrapper:desig...]
Compiling architecture structure of entity xil_defaultlib.design_1_wrapper
Built simulation snapshot design_1_wrapper_behav
